Determining if the pthread_create exist failed with the following output:
Change Dir: /home/e20180009520/Documents/IMAGINA/S3/InformatiqueGraphique/TP2_code/cmake-build-debug/CMakeFiles/CMakeTmp

Run Build Command:"/usr/bin/make" "cmTC_bcc8b/fast"
/usr/bin/make -f CMakeFiles/cmTC_bcc8b.dir/build.make CMakeFiles/cmTC_bcc8b.dir/build
make[1] : on entre dans le répertoire « /home/e20180009520/Documents/IMAGINA/S3/InformatiqueGraphique/TP2_code/cmake-build-debug/CMakeFiles/CMakeTmp »
Building C object CMakeFiles/cmTC_bcc8b.dir/CheckSymbolExists.c.o
/usr/bin/cc    -o CMakeFiles/cmTC_bcc8b.dir/CheckSymbolExists.c.o   -c /home/e20180009520/Documents/IMAGINA/S3/InformatiqueGraphique/TP2_code/cmake-build-debug/CMakeFiles/CMakeTmp/CheckSymbolExists.c
Linking C executable cmTC_bcc8b
/home/e20180009520/Téléchargements/clion-2018.3.3/bin/cmake/linux/bin/cmake -E cmake_link_script CMakeFiles/cmTC_bcc8b.dir/link.txt --verbose=1
/usr/bin/cc      -rdynamic CMakeFiles/cmTC_bcc8b.dir/CheckSymbolExists.c.o  -o cmTC_bcc8b 
CMakeFiles/cmTC_bcc8b.dir/CheckSymbolExists.c.o : Dans la fonction « main » :
CheckSymbolExists.c:(.text+0x1b) : référence indéfinie vers « pthread_create »
collect2: error: ld returned 1 exit status
CMakeFiles/cmTC_bcc8b.dir/build.make:86: recipe for target 'cmTC_bcc8b' failed
make[1]: *** [cmTC_bcc8b] Error 1
make[1] : on quitte le répertoire « /home/e20180009520/Documents/IMAGINA/S3/InformatiqueGraphique/TP2_code/cmake-build-debug/CMakeFiles/CMakeTmp »
Makefile:121: recipe for target 'cmTC_bcc8b/fast' failed
make: *** [cmTC_bcc8b/fast] Error 2

File /home/e20180009520/Documents/IMAGINA/S3/InformatiqueGraphique/TP2_code/cmake-build-debug/CMakeFiles/CMakeTmp/CheckSymbolExists.c:
/* */
#include <pthread.h>

int main(int argc, char** argv)
{
  (void)argv;
#ifndef pthread_create
  return ((int*)(&pthread_create))[argc];
#else
  (void)argc;
  return 0;
#endif
}

Determining if the function pthread_create exists in the pthreads failed with the following output:
Change Dir: /home/e20180009520/Documents/IMAGINA/S3/InformatiqueGraphique/TP2_code/cmake-build-debug/CMakeFiles/CMakeTmp

Run Build Command:"/usr/bin/make" "cmTC_1a78b/fast"
/usr/bin/make -f CMakeFiles/cmTC_1a78b.dir/build.make CMakeFiles/cmTC_1a78b.dir/build
make[1] : on entre dans le répertoire « /home/e20180009520/Documents/IMAGINA/S3/InformatiqueGraphique/TP2_code/cmake-build-debug/CMakeFiles/CMakeTmp »
Building C object CMakeFiles/cmTC_1a78b.dir/CheckFunctionExists.c.o
/usr/bin/cc   -DCHECK_FUNCTION_EXISTS=pthread_create   -o CMakeFiles/cmTC_1a78b.dir/CheckFunctionExists.c.o   -c /home/e20180009520/Téléchargements/clion-2018.3.3/bin/cmake/linux/share/cmake-3.13/Modules/CheckFunctionExists.c
Linking C executable cmTC_1a78b
/home/e20180009520/Téléchargements/clion-2018.3.3/bin/cmake/linux/bin/cmake -E cmake_link_script CMakeFiles/cmTC_1a78b.dir/link.txt --verbose=1
/usr/bin/cc  -DCHECK_FUNCTION_EXISTS=pthread_create    -rdynamic CMakeFiles/cmTC_1a78b.dir/CheckFunctionExists.c.o  -o cmTC_1a78b -lpthreads 
/usr/bin/ld : ne peut trouver -lpthreads
collect2: error: ld returned 1 exit status
CMakeFiles/cmTC_1a78b.dir/build.make:86: recipe for target 'cmTC_1a78b' failed
make[1]: *** [cmTC_1a78b] Error 1
make[1] : on quitte le répertoire « /home/e20180009520/Documents/IMAGINA/S3/InformatiqueGraphique/TP2_code/cmake-build-debug/CMakeFiles/CMakeTmp »
Makefile:121: recipe for target 'cmTC_1a78b/fast' failed
make: *** [cmTC_1a78b/fast] Error 2


