Determining if the pthread_create exist failed with the following output:
Change Dir: /home/e20180009520/Documents/IMAGINA/S3/InformatiqueGraphique/TP1/tp1_code/cmake-build-debug/CMakeFiles/CMakeTmp

Run Build Command:"/usr/bin/make" "cmTC_b1d6d/fast"
/usr/bin/make -f CMakeFiles/cmTC_b1d6d.dir/build.make CMakeFiles/cmTC_b1d6d.dir/build
make[1] : on entre dans le répertoire « /home/e20180009520/Documents/IMAGINA/S3/InformatiqueGraphique/TP1/tp1_code/cmake-build-debug/CMakeFiles/CMakeTmp »
Building C object CMakeFiles/cmTC_b1d6d.dir/CheckSymbolExists.c.o
/usr/bin/cc    -o CMakeFiles/cmTC_b1d6d.dir/CheckSymbolExists.c.o   -c /home/e20180009520/Documents/IMAGINA/S3/InformatiqueGraphique/TP1/tp1_code/cmake-build-debug/CMakeFiles/CMakeTmp/CheckSymbolExists.c
Linking C executable cmTC_b1d6d
/home/e20180009520/Téléchargements/clion-2018.3.3/bin/cmake/linux/bin/cmake -E cmake_link_script CMakeFiles/cmTC_b1d6d.dir/link.txt --verbose=1
/usr/bin/cc      -rdynamic CMakeFiles/cmTC_b1d6d.dir/CheckSymbolExists.c.o  -o cmTC_b1d6d 
CMakeFiles/cmTC_b1d6d.dir/CheckSymbolExists.c.o : Dans la fonction « main » :
CheckSymbolExists.c:(.text+0x1b) : référence indéfinie vers « pthread_create »
collect2: error: ld returned 1 exit status
CMakeFiles/cmTC_b1d6d.dir/build.make:86: recipe for target 'cmTC_b1d6d' failed
make[1]: *** [cmTC_b1d6d] Error 1
make[1] : on quitte le répertoire « /home/e20180009520/Documents/IMAGINA/S3/InformatiqueGraphique/TP1/tp1_code/cmake-build-debug/CMakeFiles/CMakeTmp »
Makefile:121: recipe for target 'cmTC_b1d6d/fast' failed
make: *** [cmTC_b1d6d/fast] Error 2

File /home/e20180009520/Documents/IMAGINA/S3/InformatiqueGraphique/TP1/tp1_code/cmake-build-debug/CMakeFiles/CMakeTmp/CheckSymbolExists.c:
/* */
#include <pthread.h>

int main(int argc, char** argv)
{
  (void)argv;
#ifndef pthread_create
  return ((int*)(&pthread_create))[argc];
#else
  (void)argc;
  return 0;
#endif
}

Determining if the function pthread_create exists in the pthreads failed with the following output:
Change Dir: /home/e20180009520/Documents/IMAGINA/S3/InformatiqueGraphique/TP1/tp1_code/cmake-build-debug/CMakeFiles/CMakeTmp

Run Build Command:"/usr/bin/make" "cmTC_53045/fast"
/usr/bin/make -f CMakeFiles/cmTC_53045.dir/build.make CMakeFiles/cmTC_53045.dir/build
make[1] : on entre dans le répertoire « /home/e20180009520/Documents/IMAGINA/S3/InformatiqueGraphique/TP1/tp1_code/cmake-build-debug/CMakeFiles/CMakeTmp »
Building C object CMakeFiles/cmTC_53045.dir/CheckFunctionExists.c.o
/usr/bin/cc   -DCHECK_FUNCTION_EXISTS=pthread_create   -o CMakeFiles/cmTC_53045.dir/CheckFunctionExists.c.o   -c /home/e20180009520/Téléchargements/clion-2018.3.3/bin/cmake/linux/share/cmake-3.13/Modules/CheckFunctionExists.c
Linking C executable cmTC_53045
/home/e20180009520/Téléchargements/clion-2018.3.3/bin/cmake/linux/bin/cmake -E cmake_link_script CMakeFiles/cmTC_53045.dir/link.txt --verbose=1
/usr/bin/cc  -DCHECK_FUNCTION_EXISTS=pthread_create    -rdynamic CMakeFiles/cmTC_53045.dir/CheckFunctionExists.c.o  -o cmTC_53045 -lpthreads 
/usr/bin/x86_64-linux-gnu-ld : ne peut trouver -lpthreads
collect2: error: ld returned 1 exit status
CMakeFiles/cmTC_53045.dir/build.make:86: recipe for target 'cmTC_53045' failed
make[1]: *** [cmTC_53045] Error 1
make[1] : on quitte le répertoire « /home/e20180009520/Documents/IMAGINA/S3/InformatiqueGraphique/TP1/tp1_code/cmake-build-debug/CMakeFiles/CMakeTmp »
Makefile:121: recipe for target 'cmTC_53045/fast' failed
make: *** [cmTC_53045/fast] Error 2


